<?xml version="1.0" encoding="UTF-8"?>
<!-- Generated by org.testng.reporters.JUnitReportReporter -->
<testsuite hostname="DESKTOP-OIOR21N" failures="0" tests="1" name="testCases.TC001AccountRegistrationTest" time="2.629" errors="0" timestamp="2025-01-07T16:33:51 IST" skipped="0">
  <testcase classname="testCases.TC001AccountRegistrationTest" name="verify_account_registration" time="2.629"/>
</testsuite> <!-- testCases.TC001AccountRegistrationTest -->
