<?xml version="1.0" encoding="UTF-8"?>
<!-- Generated by org.testng.reporters.JUnitReportReporter -->
<testsuite hostname="DESKTOP-OIOR21N" failures="0" tests="1" name="testCases.TC001AccountRegistrationTest" time="2.325" errors="0" timestamp="2024-12-28T10:48:48 IST" skipped="0">
  <testcase classname="testCases.TC001AccountRegistrationTest" name="verify_account_registration" time="2.325"/>
</testsuite> <!-- testCases.TC001AccountRegistrationTest -->
