<?xml version="1.0" encoding="UTF-8"?>
<!-- Generated by org.testng.reporters.JUnitReportReporter -->
<testsuite hostname="DESKTOP-OIOR21N" failures="0" tests="1" name="testCases.TC002LoginTest" time="1.631" errors="0" timestamp="2024-12-28T10:48:48 IST" skipped="0">
  <testcase classname="testCases.TC002LoginTest" name="verify_login" time="1.631"/>
</testsuite> <!-- testCases.TC002LoginTest -->
