<?xml version="1.0" encoding="UTF-8"?>
<!-- Generated by org.testng.reporters.JUnitReportReporter -->
<testsuite hostname="DESKTOP-OIOR21N" failures="0" tests="1" name="testCases.TC002LoginTest" time="1.481" errors="0" timestamp="2025-01-07T21:28:43 IST" skipped="0">
  <testcase classname="testCases.TC002LoginTest" name="verify_login" time="1.481"/>
</testsuite> <!-- testCases.TC002LoginTest -->
