<?xml version="1.0" encoding="UTF-8"?>
<!-- Generated by org.testng.reporters.JUnitReportReporter -->
<testsuite hostname="DESKTOP-OIOR21N" failures="0" tests="1" name="testCases.TC002LoginTest" time="1.416" errors="0" timestamp="2025-01-06T18:18:13 IST" skipped="0">
  <testcase classname="testCases.TC002LoginTest" name="verify_login" time="1.416"/>
</testsuite> <!-- testCases.TC002LoginTest -->
